# JRE version: Java(TM) SE Runtime Environment (17.0.10+11) (build 17.0.10+11-LTS-240)
# Java VM: Java HotSpot(TM) 64-Bit Server VM (17.0.10+11-LTS-240, mixed mode, emulated-client, sharing, tiered, compressed oops, compressed class ptrs, g1 gc, windows-amd64)
GC Precious Log:
 CPUs: 12 total, 12 available
 Memory: 15773M
 Large Page Support: Disabled
 NUMA Support: Disabled
 Compressed Oops: Enabled (Zero based)
 Heap Region Size: 2M
 Heap Min Capacity: 8M
 Heap Initial Capacity: 248M
 Heap Max Capacity: 3944M
 Pre-touch: Disabled
 Parallel Workers: 10
 Concurrent Workers: 3
 Concurrent Refinement Workers: 10
 Periodic GC: Disabled
Heap:
 garbage-first heap   total 141312K, used 67456K [0x0000000709800000, 0x0000000800000000)
  region size 2048K, 13 young (26624K), 4 survivors (8192K)
 Metaspace       used 90573K, committed 91456K, reserved 1179648K
  class space    used 12347K, committed 12736K, reserved 1048576K
GC Heap History (20 events):
Event: 157.570 GC heap before
{Heap before GC invocations=33 (full 2):
 garbage-first heap   total 141312K, used 105943K [0x0000000709800000, 0x0000000800000000)
  region size 2048K, 34 young (69632K), 5 survivors (10240K)
 Metaspace       used 88094K, committed 88896K, reserved 1179648K
  class space    used 12130K, committed 12480K, reserved 1048576K
}
Event: 157.574 GC heap after
{Heap after GC invocations=34 (full 2):
 garbage-first heap   total 141312K, used 49982K [0x0000000709800000, 0x0000000800000000)
  region size 2048K, 4 young (8192K), 4 survivors (8192K)
 Metaspace       used 88094K, committed 88896K, reserved 1179648K
  class space    used 12130K, committed 12480K, reserved 1048576K
}
Event: 210.310 GC heap before
{Heap before GC invocations=34 (full 2):
 garbage-first heap   total 141312K, used 99134K [0x0000000709800000, 0x0000000800000000)
  region size 2048K, 29 young (59392K), 4 survivors (8192K)
 Metaspace       used 88108K, committed 88896K, reserved 1179648K
  class space    used 12130K, committed 12480K, reserved 1048576K
}
Event: 210.342 GC heap after
{Heap after GC invocations=35 (full 3):
 garbage-first heap   total 141312K, used 39070K [0x0000000709800000, 0x0000000800000000)
  region size 2048K, 0 young (0K), 0 survivors (0K)
 Metaspace       used 88066K, committed 88896K, reserved 1179648K
  class space    used 12123K, committed 12480K, reserved 1048576K
}
Event: 210.751 GC heap before
{Heap before GC invocations=35 (full 3):
 garbage-first heap   total 141312K, used 104606K [0x0000000709800000, 0x0000000800000000)
  region size 2048K, 33 young (67584K), 0 survivors (0K)
 Metaspace       used 88431K, committed 89280K, reserved 1179648K
  class space    used 12176K, committed 12544K, reserved 1048576K
}
Event: 210.754 GC heap after
{Heap after GC invocations=36 (full 3):
 garbage-first heap   total 141312K, used 44311K [0x0000000709800000, 0x0000000800000000)
  region size 2048K, 3 young (6144K), 3 survivors (6144K)
 Metaspace       used 88431K, committed 89280K, reserved 1179648K
  class space    used 12176K, committed 12544K, reserved 1048576K
}
Event: 211.011 GC heap before
{Heap before GC invocations=36 (full 3):
 garbage-first heap   total 141312K, used 103703K [0x0000000709800000, 0x0000000800000000)
  region size 2048K, 33 young (67584K), 3 survivors (6144K)
 Metaspace       used 88948K, committed 89792K, reserved 1179648K
  class space    used 12215K, committed 12608K, reserved 1048576K
}
Event: 211.014 GC heap after
{Heap after GC invocations=37 (full 3):
 garbage-first heap   total 141312K, used 47064K [0x0000000709800000, 0x0000000800000000)
  region size 2048K, 4 young (8192K), 4 survivors (8192K)
 Metaspace       used 88948K, committed 89792K, reserved 1179648K
  class space    used 12215K, committed 12608K, reserved 1048576K
}
Event: 211.289 GC heap before
{Heap before GC invocations=37 (full 3):
 garbage-first heap   total 141312K, used 106456K [0x0000000709800000, 0x0000000800000000)
  region size 2048K, 33 young (67584K), 4 survivors (8192K)
 Metaspace       used 89356K, committed 90176K, reserved 1179648K
  class space    used 12242K, committed 12608K, reserved 1048576K
}
Event: 211.292 GC heap after
{Heap after GC invocations=38 (full 3):
 garbage-first heap   total 141312K, used 50805K [0x0000000709800000, 0x0000000800000000)
  region size 2048K, 4 young (8192K), 4 survivors (8192K)
 Metaspace       used 89356K, committed 90176K, reserved 1179648K
  class space    used 12242K, committed 12608K, reserved 1048576K
}
Event: 292.161 GC heap before
{Heap before GC invocations=38 (full 3):
 garbage-first heap   total 141312K, used 106101K [0x0000000709800000, 0x0000000800000000)
  region size 2048K, 31 young (63488K), 4 survivors (8192K)
 Metaspace       used 89376K, committed 90240K, reserved 1179648K
  class space    used 12248K, committed 12672K, reserved 1048576K
}
Event: 292.164 GC heap after
{Heap after GC invocations=39 (full 3):
 garbage-first heap   total 141312K, used 51518K [0x0000000709800000, 0x0000000800000000)
  region size 2048K, 3 young (6144K), 3 survivors (6144K)
 Metaspace       used 89376K, committed 90240K, reserved 1179648K
  class space    used 12248K, committed 12672K, reserved 1048576K
}
Event: 421.331 GC heap before
{Heap before GC invocations=39 (full 3):
 garbage-first heap   total 141312K, used 84286K [0x0000000709800000, 0x0000000800000000)
  region size 2048K, 20 young (40960K), 3 survivors (6144K)
 Metaspace       used 89392K, committed 90304K, reserved 1179648K
  class space    used 12250K, committed 12672K, reserved 1048576K
}
Event: 421.363 GC heap after
{Heap after GC invocations=40 (full 4):
 garbage-first heap   total 141312K, used 39041K [0x0000000709800000, 0x0000000800000000)
  region size 2048K, 0 young (0K), 0 survivors (0K)
 Metaspace       used 89290K, committed 90304K, reserved 1179648K
  class space    used 12228K, committed 12672K, reserved 1048576K
}
Event: 421.873 GC heap before
{Heap before GC invocations=40 (full 4):
 garbage-first heap   total 141312K, used 106625K [0x0000000709800000, 0x0000000800000000)
  region size 2048K, 34 young (69632K), 0 survivors (0K)
 Metaspace       used 89643K, committed 90496K, reserved 1179648K
  class space    used 12280K, committed 12672K, reserved 1048576K
}
Event: 421.876 GC heap after
{Heap after GC invocations=41 (full 4):
 garbage-first heap   total 141312K, used 44441K [0x0000000709800000, 0x0000000800000000)
  region size 2048K, 3 young (6144K), 3 survivors (6144K)
 Metaspace       used 89643K, committed 90496K, reserved 1179648K
  class space    used 12280K, committed 12672K, reserved 1048576K
}
Event: 422.142 GC heap before
{Heap before GC invocations=41 (full 4):
 garbage-first heap   total 141312K, used 107929K [0x0000000709800000, 0x0000000800000000)
  region size 2048K, 34 young (69632K), 3 survivors (6144K)
 Metaspace       used 90238K, committed 91072K, reserved 1179648K
  class space    used 12327K, committed 12672K, reserved 1048576K
}
Event: 422.145 GC heap after
{Heap after GC invocations=42 (full 4):
 garbage-first heap   total 141312K, used 47828K [0x0000000709800000, 0x0000000800000000)
  region size 2048K, 5 young (10240K), 5 survivors (10240K)
 Metaspace       used 90238K, committed 91072K, reserved 1179648K
  class space    used 12327K, committed 12672K, reserved 1048576K
}
Event: 422.417 GC heap before
{Heap before GC invocations=42 (full 4):
 garbage-first heap   total 141312K, used 109268K [0x0000000709800000, 0x0000000800000000)
  region size 2048K, 35 young (71680K), 5 survivors (10240K)
 Metaspace       used 90565K, committed 91456K, reserved 1179648K
  class space    used 12346K, committed 12736K, reserved 1048576K
}
Event: 422.421 GC heap after
{Heap after GC invocations=43 (full 4):
 garbage-first heap   total 141312K, used 51072K [0x0000000709800000, 0x0000000800000000)
  region size 2048K, 4 young (8192K), 4 survivors (8192K)
 Metaspace       used 90565K, committed 91456K, reserved 1179648K
  class space    used 12346K, committed 12736K, reserved 1048576K
}

